221120 18:18:06 mysqld_safe Logging to '/var/db/mysql/metin2.code.err'.
221120 18:18:06 mysqld_safe Starting mysqld daemon with databases from /var/db/mysql
2022-11-20 18:18:06 0 [Warning] TIMESTAMP with implicit DEFAULT value is deprecated. Please use --explicit_defaults_for_timestamp server option (see documentation for more details).
2022-11-20 18:18:06 0 [Note] /usr/local/libexec/mysqld (mysqld 5.6.51) starting as process 1106 ...
2022-11-20 18:18:06 1106 [Note] Plugin 'FEDERATED' is disabled.
2022-11-20 18:18:06 1106 [Note] InnoDB: Using atomics to ref count buffer pool pages
2022-11-20 18:18:06 1106 [Note] InnoDB: The InnoDB memory heap is disabled
2022-11-20 18:18:06 1106 [Note] InnoDB: Mutexes and rw_locks use GCC atomic builtins
2022-11-20 18:18:06 1106 [Note] InnoDB: Memory barrier is not used
2022-11-20 18:18:06 1106 [Note] InnoDB: Compressed tables use zlib 1.2.12
2022-11-20 18:18:06 1106 [Note] InnoDB: Not using CPU crc32 instructions
2022-11-20 18:18:06 1106 [Note] InnoDB: Initializing buffer pool, size = 128.0M
2022-11-20 18:18:06 1106 [Note] InnoDB: Completed initialization of buffer pool
2022-11-20 18:18:06 1106 [Note] InnoDB: Highest supported file format is Barracuda.
2022-11-20 18:18:06 1106 [Note] InnoDB: 128 rollback segment(s) are active.
2022-11-20 18:18:06 1106 [Note] InnoDB: Waiting for purge to start
2022-11-20 18:18:06 1106 [Note] InnoDB: 5.6.51 started; log sequence number 1626027
2022-11-20 18:18:06 1106 [Note] RSA private key file not found: /var/db/mysql//private_key.pem. Some authentication plugins will not work.
2022-11-20 18:18:06 1106 [Note] RSA public key file not found: /var/db/mysql//public_key.pem. Some authentication plugins will not work.
2022-11-20 18:18:06 1106 [Note] Server hostname (bind-address): '*'; port: 3306
2022-11-20 18:18:06 1106 [Note] IPv6 is available.
2022-11-20 18:18:06 1106 [Note]   - '::' resolves to '::';
2022-11-20 18:18:06 1106 [Note] Server socket created on IP: '::'.
2022-11-20 18:18:06 1106 [Note] Event Scheduler: Loaded 0 events
2022-11-20 18:18:06 1106 [Note] /usr/local/libexec/mysqld: ready for connections.
Version: '5.6.51'  socket: '/tmp/mysql.sock'  port: 3306  Source distribution
2022-11-20 18:19:03 1106 [Note] /usr/local/libexec/mysqld: Normal shutdown

2022-11-20 18:19:03 1106 [Note] Giving 0 client threads a chance to die gracefully
2022-11-20 18:19:03 1106 [Note] Event Scheduler: Purging the queue. 0 events
2022-11-20 18:19:03 1106 [Note] Shutting down slave threads
2022-11-20 18:19:03 1106 [Note] Forcefully disconnecting 0 remaining clients
2022-11-20 18:19:03 1106 [Note] Binlog end
2022-11-20 18:19:03 1106 [Note] Shutting down plugin 'partition'
2022-11-20 18:19:03 1106 [Note] Shutting down plugin 'PERFORMANCE_SCHEMA'
2022-11-20 18:19:03 1106 [Note] Shutting down plugin 'INNODB_SYS_DATAFILES'
2022-11-20 18:19:03 1106 [Note] Shutting down plugin 'INNODB_SYS_TABLESPACES'
2022-11-20 18:19:03 1106 [Note] Shutting down plugin 'INNODB_SYS_FOREIGN_COLS'
2022-11-20 18:19:03 1106 [Note] Shutting down plugin 'INNODB_SYS_FOREIGN'
2022-11-20 18:19:03 1106 [Note] Shutting down plugin 'INNODB_SYS_FIELDS'
2022-11-20 18:19:03 1106 [Note] Shutting down plugin 'INNODB_SYS_COLUMNS'
2022-11-20 18:19:03 1106 [Note] Shutting down plugin 'INNODB_SYS_INDEXES'
2022-11-20 18:19:03 1106 [Note] Shutting down plugin 'INNODB_SYS_TABLESTATS'
2022-11-20 18:19:03 1106 [Note] Shutting down plugin 'INNODB_SYS_TABLES'
2022-11-20 18:19:03 1106 [Note] Shutting down plugin 'INNODB_FT_INDEX_TABLE'
2022-11-20 18:19:03 1106 [Note] Shutting down plugin 'INNODB_FT_INDEX_CACHE'
2022-11-20 18:19:03 1106 [Note] Shutting down plugin 'INNODB_FT_CONFIG'
2022-11-20 18:19:03 1106 [Note] Shutting down plugin 'INNODB_FT_BEING_DELETED'
2022-11-20 18:19:03 1106 [Note] Shutting down plugin 'INNODB_FT_DELETED'
2022-11-20 18:19:03 1106 [Note] Shutting down plugin 'INNODB_FT_DEFAULT_STOPWORD'
2022-11-20 18:19:03 1106 [Note] Shutting down plugin 'INNODB_METRICS'
2022-11-20 18:19:03 1106 [Note] Shutting down plugin 'INNODB_BUFFER_POOL_STATS'
2022-11-20 18:19:03 1106 [Note] Shutting down plugin 'INNODB_BUFFER_PAGE_LRU'
2022-11-20 18:19:03 1106 [Note] Shutting down plugin 'INNODB_BUFFER_PAGE'
2022-11-20 18:19:03 1106 [Note] Shutting down plugin 'INNODB_CMP_PER_INDEX_RESET'
2022-11-20 18:19:03 1106 [Note] Shutting down plugin 'INNODB_CMP_PER_INDEX'
2022-11-20 18:19:03 1106 [Note] Shutting down plugin 'INNODB_CMPMEM_RESET'
2022-11-20 18:19:03 1106 [Note] Shutting down plugin 'INNODB_CMPMEM'
2022-11-20 18:19:03 1106 [Note] Shutting down plugin 'INNODB_CMP_RESET'
2022-11-20 18:19:03 1106 [Note] Shutting down plugin 'INNODB_CMP'
2022-11-20 18:19:03 1106 [Note] Shutting down plugin 'INNODB_LOCK_WAITS'
2022-11-20 18:19:03 1106 [Note] Shutting down plugin 'INNODB_LOCKS'
2022-11-20 18:19:03 1106 [Note] Shutting down plugin 'INNODB_TRX'
2022-11-20 18:19:03 1106 [Note] Shutting down plugin 'InnoDB'
2022-11-20 18:19:03 1106 [Note] InnoDB: FTS optimize thread exiting.
2022-11-20 18:19:03 1106 [Note] InnoDB: Starting shutdown...
2022-11-20 18:19:04 1106 [Note] InnoDB: Shutdown completed; log sequence number 1626037
2022-11-20 18:19:04 1106 [Note] Shutting down plugin 'BLACKHOLE'
2022-11-20 18:19:04 1106 [Note] Shutting down plugin 'ARCHIVE'
2022-11-20 18:19:04 1106 [Note] Shutting down plugin 'MRG_MYISAM'
2022-11-20 18:19:04 1106 [Note] Shutting down plugin 'MyISAM'
2022-11-20 18:19:04 1106 [Note] Shutting down plugin 'MEMORY'
2022-11-20 18:19:04 1106 [Note] Shutting down plugin 'CSV'
2022-11-20 18:19:04 1106 [Note] Shutting down plugin 'sha256_password'
2022-11-20 18:19:04 1106 [Note] Shutting down plugin 'mysql_old_password'
2022-11-20 18:19:04 1106 [Note] Shutting down plugin 'mysql_native_password'
2022-11-20 18:19:04 1106 [Note] Shutting down plugin 'binlog'
2022-11-20 18:19:04 1106 [Note] /usr/local/libexec/mysqld: Shutdown complete

221120 18:19:04 mysqld_safe mysqld from pid file /var/db/mysql/metin2.code.pid ended
221203 15:00:14 mysqld_safe Logging to '/var/db/mysql/metin2.code.err'.
221203 15:00:14 mysqld_safe Starting mysqld daemon with databases from /var/db/mysql
2022-12-03 15:00:14 0 [Warning] TIMESTAMP with implicit DEFAULT value is deprecated. Please use --explicit_defaults_for_timestamp server option (see documentation for more details).
2022-12-03 15:00:14 0 [Note] /usr/local/libexec/mysqld (mysqld 5.6.51) starting as process 863 ...
2022-12-03 15:00:14 863 [Note] Plugin 'FEDERATED' is disabled.
2022-12-03 15:00:14 863 [Note] InnoDB: Using atomics to ref count buffer pool pages
2022-12-03 15:00:14 863 [Note] InnoDB: The InnoDB memory heap is disabled
2022-12-03 15:00:14 863 [Note] InnoDB: Mutexes and rw_locks use GCC atomic builtins
2022-12-03 15:00:14 863 [Note] InnoDB: Memory barrier is not used
2022-12-03 15:00:14 863 [Note] InnoDB: Compressed tables use zlib 1.2.12
2022-12-03 15:00:14 863 [Note] InnoDB: Not using CPU crc32 instructions
2022-12-03 15:00:14 863 [Note] InnoDB: Initializing buffer pool, size = 128.0M
2022-12-03 15:00:14 863 [Note] InnoDB: Completed initialization of buffer pool
2022-12-03 15:00:14 863 [Note] InnoDB: Highest supported file format is Barracuda.
2022-12-03 15:00:14 863 [Note] InnoDB: 128 rollback segment(s) are active.
2022-12-03 15:00:14 863 [Note] InnoDB: Waiting for purge to start
2022-12-03 15:00:14 863 [Note] InnoDB: 5.6.51 started; log sequence number 1626037
2022-12-03 15:00:14 863 [Note] RSA private key file not found: /var/db/mysql//private_key.pem. Some authentication plugins will not work.
2022-12-03 15:00:14 863 [Note] RSA public key file not found: /var/db/mysql//public_key.pem. Some authentication plugins will not work.
2022-12-03 15:00:14 863 [Note] Server hostname (bind-address): '*'; port: 3306
2022-12-03 15:00:14 863 [Note] IPv6 is available.
2022-12-03 15:00:14 863 [Note]   - '::' resolves to '::';
2022-12-03 15:00:14 863 [Note] Server socket created on IP: '::'.
2022-12-03 15:00:14 863 [Note] Event Scheduler: Loaded 0 events
2022-12-03 15:00:14 863 [Note] /usr/local/libexec/mysqld: ready for connections.
Version: '5.6.51'  socket: '/tmp/mysql.sock'  port: 3306  Source distribution
2022-12-03 15:12:22 863 [Note] /usr/local/libexec/mysqld: Normal shutdown

2022-12-03 15:12:22 863 [Note] Giving 0 client threads a chance to die gracefully
2022-12-03 15:12:22 863 [Note] Event Scheduler: Purging the queue. 0 events
2022-12-03 15:12:22 863 [Note] Shutting down slave threads
2022-12-03 15:12:22 863 [Note] Forcefully disconnecting 0 remaining clients
2022-12-03 15:12:22 863 [Note] Binlog end
2022-12-03 15:12:22 863 [Note] Shutting down plugin 'partition'
2022-12-03 15:12:22 863 [Note] Shutting down plugin 'PERFORMANCE_SCHEMA'
2022-12-03 15:12:22 863 [Note] Shutting down plugin 'INNODB_SYS_DATAFILES'
2022-12-03 15:12:22 863 [Note] Shutting down plugin 'INNODB_SYS_TABLESPACES'
2022-12-03 15:12:22 863 [Note] Shutting down plugin 'INNODB_SYS_FOREIGN_COLS'
2022-12-03 15:12:22 863 [Note] Shutting down plugin 'INNODB_SYS_FOREIGN'
2022-12-03 15:12:22 863 [Note] Shutting down plugin 'INNODB_SYS_FIELDS'
2022-12-03 15:12:22 863 [Note] Shutting down plugin 'INNODB_SYS_COLUMNS'
2022-12-03 15:12:22 863 [Note] Shutting down plugin 'INNODB_SYS_INDEXES'
2022-12-03 15:12:22 863 [Note] Shutting down plugin 'INNODB_SYS_TABLESTATS'
2022-12-03 15:12:22 863 [Note] Shutting down plugin 'INNODB_SYS_TABLES'
2022-12-03 15:12:22 863 [Note] Shutting down plugin 'INNODB_FT_INDEX_TABLE'
2022-12-03 15:12:22 863 [Note] Shutting down plugin 'INNODB_FT_INDEX_CACHE'
2022-12-03 15:12:22 863 [Note] Shutting down plugin 'INNODB_FT_CONFIG'
2022-12-03 15:12:22 863 [Note] Shutting down plugin 'INNODB_FT_BEING_DELETED'
2022-12-03 15:12:22 863 [Note] Shutting down plugin 'INNODB_FT_DELETED'
2022-12-03 15:12:22 863 [Note] Shutting down plugin 'INNODB_FT_DEFAULT_STOPWORD'
2022-12-03 15:12:22 863 [Note] Shutting down plugin 'INNODB_METRICS'
2022-12-03 15:12:22 863 [Note] Shutting down plugin 'INNODB_BUFFER_POOL_STATS'
2022-12-03 15:12:22 863 [Note] Shutting down plugin 'INNODB_BUFFER_PAGE_LRU'
2022-12-03 15:12:22 863 [Note] Shutting down plugin 'INNODB_BUFFER_PAGE'
2022-12-03 15:12:22 863 [Note] Shutting down plugin 'INNODB_CMP_PER_INDEX_RESET'
2022-12-03 15:12:22 863 [Note] Shutting down plugin 'INNODB_CMP_PER_INDEX'
2022-12-03 15:12:22 863 [Note] Shutting down plugin 'INNODB_CMPMEM_RESET'
2022-12-03 15:12:22 863 [Note] Shutting down plugin 'INNODB_CMPMEM'
2022-12-03 15:12:22 863 [Note] Shutting down plugin 'INNODB_CMP_RESET'
2022-12-03 15:12:22 863 [Note] Shutting down plugin 'INNODB_CMP'
2022-12-03 15:12:22 863 [Note] Shutting down plugin 'INNODB_LOCK_WAITS'
2022-12-03 15:12:22 863 [Note] Shutting down plugin 'INNODB_LOCKS'
2022-12-03 15:12:22 863 [Note] Shutting down plugin 'INNODB_TRX'
2022-12-03 15:12:22 863 [Note] Shutting down plugin 'InnoDB'
2022-12-03 15:12:22 863 [Note] InnoDB: FTS optimize thread exiting.
2022-12-03 15:12:22 863 [Note] InnoDB: Starting shutdown...
2022-12-03 15:12:24 863 [Note] InnoDB: Shutdown completed; log sequence number 1626047
2022-12-03 15:12:24 863 [Note] Shutting down plugin 'BLACKHOLE'
2022-12-03 15:12:24 863 [Note] Shutting down plugin 'ARCHIVE'
2022-12-03 15:12:24 863 [Note] Shutting down plugin 'MRG_MYISAM'
2022-12-03 15:12:24 863 [Note] Shutting down plugin 'MyISAM'
2022-12-03 15:12:24 863 [Note] Shutting down plugin 'MEMORY'
2022-12-03 15:12:24 863 [Note] Shutting down plugin 'CSV'
2022-12-03 15:12:24 863 [Note] Shutting down plugin 'sha256_password'
2022-12-03 15:12:24 863 [Note] Shutting down plugin 'mysql_old_password'
2022-12-03 15:12:24 863 [Note] Shutting down plugin 'mysql_native_password'
2022-12-03 15:12:24 863 [Note] Shutting down plugin 'binlog'
2022-12-03 15:12:24 863 [Note] /usr/local/libexec/mysqld: Shutdown complete

221203 15:12:24 mysqld_safe mysqld from pid file /var/db/mysql/metin2.code.pid ended
221215 19:33:56 mysqld_safe Logging to '/var/db/mysql/metin2.code.err'.
221215 19:33:56 mysqld_safe Starting mysqld daemon with databases from /var/db/mysql
2022-12-15 19:33:57 0 [Warning] TIMESTAMP with implicit DEFAULT value is deprecated. Please use --explicit_defaults_for_timestamp server option (see documentation for more details).
2022-12-15 19:33:57 0 [Note] /usr/local/libexec/mysqld (mysqld 5.6.51) starting as process 865 ...
2022-12-15 19:33:57 865 [Note] Plugin 'FEDERATED' is disabled.
2022-12-15 19:33:57 865 [Note] InnoDB: Using atomics to ref count buffer pool pages
2022-12-15 19:33:57 865 [Note] InnoDB: The InnoDB memory heap is disabled
2022-12-15 19:33:57 865 [Note] InnoDB: Mutexes and rw_locks use GCC atomic builtins
2022-12-15 19:33:57 865 [Note] InnoDB: Memory barrier is not used
2022-12-15 19:33:57 865 [Note] InnoDB: Compressed tables use zlib 1.2.12
2022-12-15 19:33:57 865 [Note] InnoDB: Not using CPU crc32 instructions
2022-12-15 19:33:57 865 [Note] InnoDB: Initializing buffer pool, size = 128.0M
2022-12-15 19:33:57 865 [Note] InnoDB: Completed initialization of buffer pool
2022-12-15 19:33:57 865 [Note] InnoDB: Highest supported file format is Barracuda.
2022-12-15 19:33:57 865 [Note] InnoDB: 128 rollback segment(s) are active.
2022-12-15 19:33:57 865 [Note] InnoDB: Waiting for purge to start
2022-12-15 19:33:57 865 [Note] InnoDB: 5.6.51 started; log sequence number 1626047
2022-12-15 19:33:57 865 [Note] RSA private key file not found: /var/db/mysql//private_key.pem. Some authentication plugins will not work.
2022-12-15 19:33:57 865 [Note] RSA public key file not found: /var/db/mysql//public_key.pem. Some authentication plugins will not work.
2022-12-15 19:33:57 865 [Note] Server hostname (bind-address): '*'; port: 3306
2022-12-15 19:33:57 865 [Note] IPv6 is available.
2022-12-15 19:33:57 865 [Note]   - '::' resolves to '::';
2022-12-15 19:33:57 865 [Note] Server socket created on IP: '::'.
2022-12-15 19:33:57 865 [Note] Event Scheduler: Loaded 0 events
2022-12-15 19:33:57 865 [Note] /usr/local/libexec/mysqld: ready for connections.
Version: '5.6.51'  socket: '/tmp/mysql.sock'  port: 3306  Source distribution
2022-12-15 19:36:02 865 [Note] /usr/local/libexec/mysqld: Normal shutdown

2022-12-15 19:36:02 865 [Note] Giving 0 client threads a chance to die gracefully
2022-12-15 19:36:02 865 [Note] Event Scheduler: Purging the queue. 0 events
2022-12-15 19:36:02 865 [Note] Shutting down slave threads
2022-12-15 19:36:02 865 [Note] Forcefully disconnecting 0 remaining clients
2022-12-15 19:36:02 865 [Note] Binlog end
2022-12-15 19:36:02 865 [Note] Shutting down plugin 'partition'
2022-12-15 19:36:02 865 [Note] Shutting down plugin 'PERFORMANCE_SCHEMA'
2022-12-15 19:36:02 865 [Note] Shutting down plugin 'INNODB_SYS_DATAFILES'
2022-12-15 19:36:02 865 [Note] Shutting down plugin 'INNODB_SYS_TABLESPACES'
2022-12-15 19:36:02 865 [Note] Shutting down plugin 'INNODB_SYS_FOREIGN_COLS'
2022-12-15 19:36:02 865 [Note] Shutting down plugin 'INNODB_SYS_FOREIGN'
2022-12-15 19:36:02 865 [Note] Shutting down plugin 'INNODB_SYS_FIELDS'
2022-12-15 19:36:02 865 [Note] Shutting down plugin 'INNODB_SYS_COLUMNS'
2022-12-15 19:36:02 865 [Note] Shutting down plugin 'INNODB_SYS_INDEXES'
2022-12-15 19:36:02 865 [Note] Shutting down plugin 'INNODB_SYS_TABLESTATS'
2022-12-15 19:36:02 865 [Note] Shutting down plugin 'INNODB_SYS_TABLES'
2022-12-15 19:36:02 865 [Note] Shutting down plugin 'INNODB_FT_INDEX_TABLE'
2022-12-15 19:36:02 865 [Note] Shutting down plugin 'INNODB_FT_INDEX_CACHE'
2022-12-15 19:36:02 865 [Note] Shutting down plugin 'INNODB_FT_CONFIG'
2022-12-15 19:36:02 865 [Note] Shutting down plugin 'INNODB_FT_BEING_DELETED'
2022-12-15 19:36:02 865 [Note] Shutting down plugin 'INNODB_FT_DELETED'
2022-12-15 19:36:02 865 [Note] Shutting down plugin 'INNODB_FT_DEFAULT_STOPWORD'
2022-12-15 19:36:02 865 [Note] Shutting down plugin 'INNODB_METRICS'
2022-12-15 19:36:02 865 [Note] Shutting down plugin 'INNODB_BUFFER_POOL_STATS'
2022-12-15 19:36:02 865 [Note] Shutting down plugin 'INNODB_BUFFER_PAGE_LRU'
2022-12-15 19:36:02 865 [Note] Shutting down plugin 'INNODB_BUFFER_PAGE'
2022-12-15 19:36:02 865 [Note] Shutting down plugin 'INNODB_CMP_PER_INDEX_RESET'
2022-12-15 19:36:02 865 [Note] Shutting down plugin 'INNODB_CMP_PER_INDEX'
2022-12-15 19:36:02 865 [Note] Shutting down plugin 'INNODB_CMPMEM_RESET'
2022-12-15 19:36:02 865 [Note] Shutting down plugin 'INNODB_CMPMEM'
2022-12-15 19:36:02 865 [Note] Shutting down plugin 'INNODB_CMP_RESET'
2022-12-15 19:36:02 865 [Note] Shutting down plugin 'INNODB_CMP'
2022-12-15 19:36:02 865 [Note] Shutting down plugin 'INNODB_LOCK_WAITS'
2022-12-15 19:36:02 865 [Note] Shutting down plugin 'INNODB_LOCKS'
2022-12-15 19:36:02 865 [Note] Shutting down plugin 'INNODB_TRX'
2022-12-15 19:36:02 865 [Note] Shutting down plugin 'InnoDB'
2022-12-15 19:36:02 865 [Note] InnoDB: FTS optimize thread exiting.
2022-12-15 19:36:02 865 [Note] InnoDB: Starting shutdown...
2022-12-15 19:36:03 865 [Note] InnoDB: Shutdown completed; log sequence number 1626057
2022-12-15 19:36:03 865 [Note] Shutting down plugin 'BLACKHOLE'
2022-12-15 19:36:03 865 [Note] Shutting down plugin 'ARCHIVE'
2022-12-15 19:36:03 865 [Note] Shutting down plugin 'MRG_MYISAM'
2022-12-15 19:36:03 865 [Note] Shutting down plugin 'MyISAM'
2022-12-15 19:36:03 865 [Note] Shutting down plugin 'MEMORY'
2022-12-15 19:36:03 865 [Note] Shutting down plugin 'CSV'
2022-12-15 19:36:03 865 [Note] Shutting down plugin 'sha256_password'
2022-12-15 19:36:03 865 [Note] Shutting down plugin 'mysql_old_password'
2022-12-15 19:36:03 865 [Note] Shutting down plugin 'mysql_native_password'
2022-12-15 19:36:03 865 [Note] Shutting down plugin 'binlog'
2022-12-15 19:36:03 865 [Note] /usr/local/libexec/mysqld: Shutdown complete

221215 19:36:03 mysqld_safe mysqld from pid file /var/db/mysql/metin2.code.pid ended
221215 19:36:39 mysqld_safe Logging to '/var/db/mysql/metin2.code.err'.
221215 19:36:39 mysqld_safe Starting mysqld daemon with databases from /var/db/mysql
2022-12-15 19:36:40 0 [Warning] TIMESTAMP with implicit DEFAULT value is deprecated. Please use --explicit_defaults_for_timestamp server option (see documentation for more details).
2022-12-15 19:36:40 0 [Note] /usr/local/libexec/mysqld (mysqld 5.6.51) starting as process 846 ...
2022-12-15 19:36:40 846 [Note] Plugin 'FEDERATED' is disabled.
2022-12-15 19:36:40 846 [Note] InnoDB: Using atomics to ref count buffer pool pages
2022-12-15 19:36:40 846 [Note] InnoDB: The InnoDB memory heap is disabled
2022-12-15 19:36:40 846 [Note] InnoDB: Mutexes and rw_locks use GCC atomic builtins
2022-12-15 19:36:40 846 [Note] InnoDB: Memory barrier is not used
2022-12-15 19:36:40 846 [Note] InnoDB: Compressed tables use zlib 1.2.12
2022-12-15 19:36:40 846 [Note] InnoDB: Not using CPU crc32 instructions
2022-12-15 19:36:40 846 [Note] InnoDB: Initializing buffer pool, size = 128.0M
2022-12-15 19:36:40 846 [Note] InnoDB: Completed initialization of buffer pool
2022-12-15 19:36:40 846 [Note] InnoDB: Highest supported file format is Barracuda.
2022-12-15 19:36:40 846 [Note] InnoDB: 128 rollback segment(s) are active.
2022-12-15 19:36:40 846 [Note] InnoDB: Waiting for purge to start
2022-12-15 19:36:40 846 [Note] InnoDB: 5.6.51 started; log sequence number 1626057
2022-12-15 19:36:40 846 [Note] RSA private key file not found: /var/db/mysql//private_key.pem. Some authentication plugins will not work.
2022-12-15 19:36:40 846 [Note] RSA public key file not found: /var/db/mysql//public_key.pem. Some authentication plugins will not work.
2022-12-15 19:36:40 846 [Note] Server hostname (bind-address): '*'; port: 3306
2022-12-15 19:36:40 846 [Note] IPv6 is available.
2022-12-15 19:36:40 846 [Note]   - '::' resolves to '::';
2022-12-15 19:36:40 846 [Note] Server socket created on IP: '::'.
2022-12-15 19:36:40 846 [Note] Event Scheduler: Loaded 0 events
2022-12-15 19:36:40 846 [Note] /usr/local/libexec/mysqld: ready for connections.
Version: '5.6.51'  socket: '/tmp/mysql.sock'  port: 3306  Source distribution
2022-12-15 19:41:51 846 [Note] /usr/local/libexec/mysqld: Normal shutdown

2022-12-15 19:41:51 846 [Note] Giving 0 client threads a chance to die gracefully
2022-12-15 19:41:51 846 [Note] Event Scheduler: Purging the queue. 0 events
2022-12-15 19:41:51 846 [Note] Shutting down slave threads
2022-12-15 19:41:51 846 [Note] Forcefully disconnecting 0 remaining clients
2022-12-15 19:41:51 846 [Note] Binlog end
2022-12-15 19:41:51 846 [Note] Shutting down plugin 'partition'
2022-12-15 19:41:51 846 [Note] Shutting down plugin 'PERFORMANCE_SCHEMA'
2022-12-15 19:41:51 846 [Note] Shutting down plugin 'INNODB_SYS_DATAFILES'
2022-12-15 19:41:51 846 [Note] Shutting down plugin 'INNODB_SYS_TABLESPACES'
2022-12-15 19:41:51 846 [Note] Shutting down plugin 'INNODB_SYS_FOREIGN_COLS'
2022-12-15 19:41:51 846 [Note] Shutting down plugin 'INNODB_SYS_FOREIGN'
2022-12-15 19:41:51 846 [Note] Shutting down plugin 'INNODB_SYS_FIELDS'
2022-12-15 19:41:51 846 [Note] Shutting down plugin 'INNODB_SYS_COLUMNS'
2022-12-15 19:41:51 846 [Note] Shutting down plugin 'INNODB_SYS_INDEXES'
2022-12-15 19:41:51 846 [Note] Shutting down plugin 'INNODB_SYS_TABLESTATS'
2022-12-15 19:41:51 846 [Note] Shutting down plugin 'INNODB_SYS_TABLES'
2022-12-15 19:41:51 846 [Note] Shutting down plugin 'INNODB_FT_INDEX_TABLE'
2022-12-15 19:41:51 846 [Note] Shutting down plugin 'INNODB_FT_INDEX_CACHE'
2022-12-15 19:41:51 846 [Note] Shutting down plugin 'INNODB_FT_CONFIG'
2022-12-15 19:41:51 846 [Note] Shutting down plugin 'INNODB_FT_BEING_DELETED'
2022-12-15 19:41:51 846 [Note] Shutting down plugin 'INNODB_FT_DELETED'
2022-12-15 19:41:51 846 [Note] Shutting down plugin 'INNODB_FT_DEFAULT_STOPWORD'
2022-12-15 19:41:51 846 [Note] Shutting down plugin 'INNODB_METRICS'
2022-12-15 19:41:51 846 [Note] Shutting down plugin 'INNODB_BUFFER_POOL_STATS'
2022-12-15 19:41:51 846 [Note] Shutting down plugin 'INNODB_BUFFER_PAGE_LRU'
2022-12-15 19:41:51 846 [Note] Shutting down plugin 'INNODB_BUFFER_PAGE'
2022-12-15 19:41:51 846 [Note] Shutting down plugin 'INNODB_CMP_PER_INDEX_RESET'
2022-12-15 19:41:51 846 [Note] Shutting down plugin 'INNODB_CMP_PER_INDEX'
2022-12-15 19:41:51 846 [Note] Shutting down plugin 'INNODB_CMPMEM_RESET'
2022-12-15 19:41:51 846 [Note] Shutting down plugin 'INNODB_CMPMEM'
2022-12-15 19:41:51 846 [Note] Shutting down plugin 'INNODB_CMP_RESET'
2022-12-15 19:41:51 846 [Note] Shutting down plugin 'INNODB_CMP'
2022-12-15 19:41:51 846 [Note] Shutting down plugin 'INNODB_LOCK_WAITS'
2022-12-15 19:41:51 846 [Note] Shutting down plugin 'INNODB_LOCKS'
2022-12-15 19:41:51 846 [Note] Shutting down plugin 'INNODB_TRX'
2022-12-15 19:41:51 846 [Note] Shutting down plugin 'InnoDB'
2022-12-15 19:41:51 846 [Note] InnoDB: FTS optimize thread exiting.
2022-12-15 19:41:51 846 [Note] InnoDB: Starting shutdown...
2022-12-15 19:41:52 846 [Note] InnoDB: Shutdown completed; log sequence number 1626067
2022-12-15 19:41:52 846 [Note] Shutting down plugin 'BLACKHOLE'
2022-12-15 19:41:52 846 [Note] Shutting down plugin 'ARCHIVE'
2022-12-15 19:41:52 846 [Note] Shutting down plugin 'MRG_MYISAM'
2022-12-15 19:41:52 846 [Note] Shutting down plugin 'MyISAM'
2022-12-15 19:41:52 846 [Note] Shutting down plugin 'MEMORY'
2022-12-15 19:41:52 846 [Note] Shutting down plugin 'CSV'
2022-12-15 19:41:52 846 [Note] Shutting down plugin 'sha256_password'
2022-12-15 19:41:52 846 [Note] Shutting down plugin 'mysql_old_password'
2022-12-15 19:41:52 846 [Note] Shutting down plugin 'mysql_native_password'
2022-12-15 19:41:52 846 [Note] Shutting down plugin 'binlog'
2022-12-15 19:41:52 846 [Note] /usr/local/libexec/mysqld: Shutdown complete

221215 19:41:52 mysqld_safe mysqld from pid file /var/db/mysql/metin2.code.pid ended
221219 18:00:42 mysqld_safe Logging to '/var/db/mysql/metin2.code.err'.
221219 18:00:42 mysqld_safe Starting mysqld daemon with databases from /var/db/mysql
2022-12-19 18:00:42 0 [Warning] TIMESTAMP with implicit DEFAULT value is deprecated. Please use --explicit_defaults_for_timestamp server option (see documentation for more details).
2022-12-19 18:00:42 0 [Note] /usr/local/libexec/mysqld (mysqld 5.6.51) starting as process 863 ...
2022-12-19 18:00:42 863 [Note] Plugin 'FEDERATED' is disabled.
2022-12-19 18:00:42 863 [Note] InnoDB: Using atomics to ref count buffer pool pages
2022-12-19 18:00:42 863 [Note] InnoDB: The InnoDB memory heap is disabled
2022-12-19 18:00:42 863 [Note] InnoDB: Mutexes and rw_locks use GCC atomic builtins
2022-12-19 18:00:42 863 [Note] InnoDB: Memory barrier is not used
2022-12-19 18:00:42 863 [Note] InnoDB: Compressed tables use zlib 1.2.12
2022-12-19 18:00:42 863 [Note] InnoDB: Not using CPU crc32 instructions
2022-12-19 18:00:42 863 [Note] InnoDB: Initializing buffer pool, size = 128.0M
2022-12-19 18:00:42 863 [Note] InnoDB: Completed initialization of buffer pool
2022-12-19 18:00:43 863 [Note] InnoDB: Highest supported file format is Barracuda.
2022-12-19 18:00:43 863 [Note] InnoDB: 128 rollback segment(s) are active.
2022-12-19 18:00:43 863 [Note] InnoDB: Waiting for purge to start
2022-12-19 18:00:43 863 [Note] InnoDB: 5.6.51 started; log sequence number 1626067
2022-12-19 18:00:43 863 [Note] RSA private key file not found: /var/db/mysql//private_key.pem. Some authentication plugins will not work.
2022-12-19 18:00:43 863 [Note] RSA public key file not found: /var/db/mysql//public_key.pem. Some authentication plugins will not work.
2022-12-19 18:00:43 863 [Note] Server hostname (bind-address): '*'; port: 3306
2022-12-19 18:00:43 863 [Note] IPv6 is available.
2022-12-19 18:00:43 863 [Note]   - '::' resolves to '::';
2022-12-19 18:00:43 863 [Note] Server socket created on IP: '::'.
2022-12-19 18:00:43 863 [Note] Event Scheduler: Loaded 0 events
2022-12-19 18:00:43 863 [Note] /usr/local/libexec/mysqld: ready for connections.
Version: '5.6.51'  socket: '/tmp/mysql.sock'  port: 3306  Source distribution
2022-12-19 18:07:14 863 [Note] /usr/local/libexec/mysqld: Normal shutdown

2022-12-19 18:07:14 863 [Note] Giving 0 client threads a chance to die gracefully
2022-12-19 18:07:14 863 [Note] Event Scheduler: Purging the queue. 0 events
2022-12-19 18:07:14 863 [Note] Shutting down slave threads
2022-12-19 18:07:14 863 [Note] Forcefully disconnecting 0 remaining clients
2022-12-19 18:07:14 863 [Note] Binlog end
2022-12-19 18:07:14 863 [Note] Shutting down plugin 'partition'
2022-12-19 18:07:14 863 [Note] Shutting down plugin 'PERFORMANCE_SCHEMA'
2022-12-19 18:07:14 863 [Note] Shutting down plugin 'INNODB_SYS_DATAFILES'
2022-12-19 18:07:14 863 [Note] Shutting down plugin 'INNODB_SYS_TABLESPACES'
2022-12-19 18:07:14 863 [Note] Shutting down plugin 'INNODB_SYS_FOREIGN_COLS'
2022-12-19 18:07:14 863 [Note] Shutting down plugin 'INNODB_SYS_FOREIGN'
2022-12-19 18:07:14 863 [Note] Shutting down plugin 'INNODB_SYS_FIELDS'
2022-12-19 18:07:14 863 [Note] Shutting down plugin 'INNODB_SYS_COLUMNS'
2022-12-19 18:07:14 863 [Note] Shutting down plugin 'INNODB_SYS_INDEXES'
2022-12-19 18:07:14 863 [Note] Shutting down plugin 'INNODB_SYS_TABLESTATS'
2022-12-19 18:07:14 863 [Note] Shutting down plugin 'INNODB_SYS_TABLES'
2022-12-19 18:07:14 863 [Note] Shutting down plugin 'INNODB_FT_INDEX_TABLE'
2022-12-19 18:07:14 863 [Note] Shutting down plugin 'INNODB_FT_INDEX_CACHE'
2022-12-19 18:07:14 863 [Note] Shutting down plugin 'INNODB_FT_CONFIG'
2022-12-19 18:07:14 863 [Note] Shutting down plugin 'INNODB_FT_BEING_DELETED'
2022-12-19 18:07:14 863 [Note] Shutting down plugin 'INNODB_FT_DELETED'
2022-12-19 18:07:14 863 [Note] Shutting down plugin 'INNODB_FT_DEFAULT_STOPWORD'
2022-12-19 18:07:14 863 [Note] Shutting down plugin 'INNODB_METRICS'
2022-12-19 18:07:14 863 [Note] Shutting down plugin 'INNODB_BUFFER_POOL_STATS'
2022-12-19 18:07:14 863 [Note] Shutting down plugin 'INNODB_BUFFER_PAGE_LRU'
2022-12-19 18:07:14 863 [Note] Shutting down plugin 'INNODB_BUFFER_PAGE'
2022-12-19 18:07:14 863 [Note] Shutting down plugin 'INNODB_CMP_PER_INDEX_RESET'
2022-12-19 18:07:14 863 [Note] Shutting down plugin 'INNODB_CMP_PER_INDEX'
2022-12-19 18:07:14 863 [Note] Shutting down plugin 'INNODB_CMPMEM_RESET'
2022-12-19 18:07:14 863 [Note] Shutting down plugin 'INNODB_CMPMEM'
2022-12-19 18:07:14 863 [Note] Shutting down plugin 'INNODB_CMP_RESET'
2022-12-19 18:07:14 863 [Note] Shutting down plugin 'INNODB_CMP'
2022-12-19 18:07:14 863 [Note] Shutting down plugin 'INNODB_LOCK_WAITS'
2022-12-19 18:07:14 863 [Note] Shutting down plugin 'INNODB_LOCKS'
2022-12-19 18:07:14 863 [Note] Shutting down plugin 'INNODB_TRX'
2022-12-19 18:07:14 863 [Note] Shutting down plugin 'InnoDB'
2022-12-19 18:07:14 863 [Note] InnoDB: FTS optimize thread exiting.
2022-12-19 18:07:14 863 [Note] InnoDB: Starting shutdown...
2022-12-19 18:07:15 863 [Note] InnoDB: Shutdown completed; log sequence number 1626077
2022-12-19 18:07:15 863 [Note] Shutting down plugin 'BLACKHOLE'
2022-12-19 18:07:15 863 [Note] Shutting down plugin 'ARCHIVE'
2022-12-19 18:07:15 863 [Note] Shutting down plugin 'MRG_MYISAM'
2022-12-19 18:07:15 863 [Note] Shutting down plugin 'MyISAM'
2022-12-19 18:07:15 863 [Note] Shutting down plugin 'MEMORY'
2022-12-19 18:07:15 863 [Note] Shutting down plugin 'CSV'
2022-12-19 18:07:15 863 [Note] Shutting down plugin 'sha256_password'
2022-12-19 18:07:15 863 [Note] Shutting down plugin 'mysql_old_password'
2022-12-19 18:07:15 863 [Note] Shutting down plugin 'mysql_native_password'
2022-12-19 18:07:15 863 [Note] Shutting down plugin 'binlog'
2022-12-19 18:07:15 863 [Note] /usr/local/libexec/mysqld: Shutdown complete

221219 18:07:15 mysqld_safe mysqld from pid file /var/db/mysql/metin2.code.pid ended
230105 21:57:46 mysqld_safe Logging to '/var/db/mysql/metin2.code.err'.
230105 21:57:46 mysqld_safe Starting mysqld daemon with databases from /var/db/mysql
2023-01-05 21:57:47 0 [Warning] TIMESTAMP with implicit DEFAULT value is deprecated. Please use --explicit_defaults_for_timestamp server option (see documentation for more details).
2023-01-05 21:57:47 0 [Note] /usr/local/libexec/mysqld (mysqld 5.6.51) starting as process 863 ...
2023-01-05 21:57:47 863 [Note] Plugin 'FEDERATED' is disabled.
2023-01-05 21:57:47 863 [Note] InnoDB: Using atomics to ref count buffer pool pages
2023-01-05 21:57:47 863 [Note] InnoDB: The InnoDB memory heap is disabled
2023-01-05 21:57:47 863 [Note] InnoDB: Mutexes and rw_locks use GCC atomic builtins
2023-01-05 21:57:47 863 [Note] InnoDB: Memory barrier is not used
2023-01-05 21:57:47 863 [Note] InnoDB: Compressed tables use zlib 1.2.12
2023-01-05 21:57:47 863 [Note] InnoDB: Not using CPU crc32 instructions
2023-01-05 21:57:47 863 [Note] InnoDB: Initializing buffer pool, size = 128.0M
2023-01-05 21:57:47 863 [Note] InnoDB: Completed initialization of buffer pool
2023-01-05 21:57:47 863 [Note] InnoDB: Highest supported file format is Barracuda.
2023-01-05 21:57:47 863 [Note] InnoDB: 128 rollback segment(s) are active.
2023-01-05 21:57:47 863 [Note] InnoDB: Waiting for purge to start
2023-01-05 21:57:47 863 [Note] InnoDB: 5.6.51 started; log sequence number 1626077
2023-01-05 21:57:47 863 [Note] RSA private key file not found: /var/db/mysql//private_key.pem. Some authentication plugins will not work.
2023-01-05 21:57:47 863 [Note] RSA public key file not found: /var/db/mysql//public_key.pem. Some authentication plugins will not work.
2023-01-05 21:57:47 863 [Note] Server hostname (bind-address): '*'; port: 3306
2023-01-05 21:57:47 863 [Note] IPv6 is available.
2023-01-05 21:57:47 863 [Note]   - '::' resolves to '::';
2023-01-05 21:57:47 863 [Note] Server socket created on IP: '::'.
2023-01-05 21:57:47 863 [Note] Event Scheduler: Loaded 0 events
2023-01-05 21:57:47 863 [Note] /usr/local/libexec/mysqld: ready for connections.
Version: '5.6.51'  socket: '/tmp/mysql.sock'  port: 3306  Source distribution
2023-01-05 22:03:10 863 [Warning] IP address '192.168.0.117' could not be resolved: Name does not resolve
230111 16:23:56 mysqld_safe Logging to '/var/db/mysql/metin2.code.err'.
230111 16:23:56 mysqld_safe Starting mysqld daemon with databases from /var/db/mysql
2023-01-11 16:23:56 0 [Warning] TIMESTAMP with implicit DEFAULT value is deprecated. Please use --explicit_defaults_for_timestamp server option (see documentation for more details).
2023-01-11 16:23:56 0 [Note] /usr/local/libexec/mysqld (mysqld 5.6.51) starting as process 877 ...
2023-01-11 16:23:56 877 [Note] Plugin 'FEDERATED' is disabled.
2023-01-11 16:23:56 877 [Note] InnoDB: Using atomics to ref count buffer pool pages
2023-01-11 16:23:56 877 [Note] InnoDB: The InnoDB memory heap is disabled
2023-01-11 16:23:56 877 [Note] InnoDB: Mutexes and rw_locks use GCC atomic builtins
2023-01-11 16:23:56 877 [Note] InnoDB: Memory barrier is not used
2023-01-11 16:23:56 877 [Note] InnoDB: Compressed tables use zlib 1.2.12
2023-01-11 16:23:56 877 [Note] InnoDB: Not using CPU crc32 instructions
2023-01-11 16:23:56 877 [Note] InnoDB: Initializing buffer pool, size = 128.0M
2023-01-11 16:23:56 877 [Note] InnoDB: Completed initialization of buffer pool
2023-01-11 16:23:56 877 [Note] InnoDB: Highest supported file format is Barracuda.
2023-01-11 16:23:56 877 [Note] InnoDB: The log sequence numbers 1626077 and 1626077 in ibdata files do not match the log sequence number 1626087 in the ib_logfiles!
2023-01-11 16:23:56 877 [Note] InnoDB: Database was not shutdown normally!
2023-01-11 16:23:56 877 [Note] InnoDB: Starting crash recovery.
2023-01-11 16:23:56 877 [Note] InnoDB: Reading tablespace information from the .ibd files...
2023-01-11 16:23:56 877 [Note] InnoDB: Restoring possible half-written data pages 
2023-01-11 16:23:56 877 [Note] InnoDB: from the doublewrite buffer...
2023-01-11 16:23:56 877 [Note] InnoDB: 128 rollback segment(s) are active.
2023-01-11 16:23:56 877 [Note] InnoDB: Waiting for purge to start
2023-01-11 16:23:56 877 [Note] InnoDB: 5.6.51 started; log sequence number 1626087
2023-01-11 16:23:56 877 [Note] RSA private key file not found: /var/db/mysql//private_key.pem. Some authentication plugins will not work.
2023-01-11 16:23:56 877 [Note] RSA public key file not found: /var/db/mysql//public_key.pem. Some authentication plugins will not work.
2023-01-11 16:23:56 877 [Note] Server hostname (bind-address): '*'; port: 3306
2023-01-11 16:23:56 877 [Note] IPv6 is available.
2023-01-11 16:23:56 877 [Note]   - '::' resolves to '::';
2023-01-11 16:23:56 877 [Note] Server socket created on IP: '::'.
2023-01-11 16:23:56 877 [Note] Event Scheduler: Loaded 0 events
2023-01-11 16:23:56 877 [Note] /usr/local/libexec/mysqld: ready for connections.
Version: '5.6.51'  socket: '/tmp/mysql.sock'  port: 3306  Source distribution
2023-01-11 16:24:19 877 [Note] /usr/local/libexec/mysqld: Normal shutdown

2023-01-11 16:24:19 877 [Note] Giving 0 client threads a chance to die gracefully
2023-01-11 16:24:19 877 [Note] Event Scheduler: Purging the queue. 0 events
2023-01-11 16:24:19 877 [Note] Shutting down slave threads
2023-01-11 16:24:19 877 [Note] Forcefully disconnecting 0 remaining clients
2023-01-11 16:24:19 877 [Note] Binlog end
2023-01-11 16:24:19 877 [Note] Shutting down plugin 'partition'
2023-01-11 16:24:19 877 [Note] Shutting down plugin 'PERFORMANCE_SCHEMA'
2023-01-11 16:24:19 877 [Note] Shutting down plugin 'INNODB_SYS_DATAFILES'
2023-01-11 16:24:19 877 [Note] Shutting down plugin 'INNODB_SYS_TABLESPACES'
2023-01-11 16:24:19 877 [Note] Shutting down plugin 'INNODB_SYS_FOREIGN_COLS'
2023-01-11 16:24:19 877 [Note] Shutting down plugin 'INNODB_SYS_FOREIGN'
2023-01-11 16:24:19 877 [Note] Shutting down plugin 'INNODB_SYS_FIELDS'
2023-01-11 16:24:19 877 [Note] Shutting down plugin 'INNODB_SYS_COLUMNS'
2023-01-11 16:24:19 877 [Note] Shutting down plugin 'INNODB_SYS_INDEXES'
2023-01-11 16:24:19 877 [Note] Shutting down plugin 'INNODB_SYS_TABLESTATS'
2023-01-11 16:24:19 877 [Note] Shutting down plugin 'INNODB_SYS_TABLES'
2023-01-11 16:24:19 877 [Note] Shutting down plugin 'INNODB_FT_INDEX_TABLE'
2023-01-11 16:24:19 877 [Note] Shutting down plugin 'INNODB_FT_INDEX_CACHE'
2023-01-11 16:24:19 877 [Note] Shutting down plugin 'INNODB_FT_CONFIG'
2023-01-11 16:24:19 877 [Note] Shutting down plugin 'INNODB_FT_BEING_DELETED'
2023-01-11 16:24:19 877 [Note] Shutting down plugin 'INNODB_FT_DELETED'
2023-01-11 16:24:19 877 [Note] Shutting down plugin 'INNODB_FT_DEFAULT_STOPWORD'
2023-01-11 16:24:19 877 [Note] Shutting down plugin 'INNODB_METRICS'
2023-01-11 16:24:19 877 [Note] Shutting down plugin 'INNODB_BUFFER_POOL_STATS'
2023-01-11 16:24:19 877 [Note] Shutting down plugin 'INNODB_BUFFER_PAGE_LRU'
2023-01-11 16:24:19 877 [Note] Shutting down plugin 'INNODB_BUFFER_PAGE'
2023-01-11 16:24:19 877 [Note] Shutting down plugin 'INNODB_CMP_PER_INDEX_RESET'
2023-01-11 16:24:19 877 [Note] Shutting down plugin 'INNODB_CMP_PER_INDEX'
2023-01-11 16:24:19 877 [Note] Shutting down plugin 'INNODB_CMPMEM_RESET'
2023-01-11 16:24:19 877 [Note] Shutting down plugin 'INNODB_CMPMEM'
2023-01-11 16:24:19 877 [Note] Shutting down plugin 'INNODB_CMP_RESET'
2023-01-11 16:24:19 877 [Note] Shutting down plugin 'INNODB_CMP'
2023-01-11 16:24:19 877 [Note] Shutting down plugin 'INNODB_LOCK_WAITS'
2023-01-11 16:24:19 877 [Note] Shutting down plugin 'INNODB_LOCKS'
2023-01-11 16:24:19 877 [Note] Shutting down plugin 'INNODB_TRX'
2023-01-11 16:24:19 877 [Note] Shutting down plugin 'InnoDB'
2023-01-11 16:24:19 877 [Note] InnoDB: FTS optimize thread exiting.
2023-01-11 16:24:19 877 [Note] InnoDB: Starting shutdown...
2023-01-11 16:24:20 877 [Note] InnoDB: Shutdown completed; log sequence number 1626097
2023-01-11 16:24:20 877 [Note] Shutting down plugin 'BLACKHOLE'
2023-01-11 16:24:20 877 [Note] Shutting down plugin 'ARCHIVE'
2023-01-11 16:24:20 877 [Note] Shutting down plugin 'MRG_MYISAM'
2023-01-11 16:24:20 877 [Note] Shutting down plugin 'MyISAM'
2023-01-11 16:24:20 877 [Note] Shutting down plugin 'MEMORY'
2023-01-11 16:24:20 877 [Note] Shutting down plugin 'CSV'
2023-01-11 16:24:20 877 [Note] Shutting down plugin 'sha256_password'
2023-01-11 16:24:20 877 [Note] Shutting down plugin 'mysql_old_password'
2023-01-11 16:24:20 877 [Note] Shutting down plugin 'mysql_native_password'
2023-01-11 16:24:20 877 [Note] Shutting down plugin 'binlog'
2023-01-11 16:24:20 877 [Note] /usr/local/libexec/mysqld: Shutdown complete

230111 16:24:20 mysqld_safe mysqld from pid file /var/db/mysql/metin2.code.pid ended
230111 16:28:55 mysqld_safe Logging to '/var/db/mysql/metin2.code.err'.
230111 16:28:55 mysqld_safe Starting mysqld daemon with databases from /var/db/mysql
2023-01-11 16:28:56 0 [Warning] TIMESTAMP with implicit DEFAULT value is deprecated. Please use --explicit_defaults_for_timestamp server option (see documentation for more details).
2023-01-11 16:28:56 0 [Note] /usr/local/libexec/mysqld (mysqld 5.6.51) starting as process 846 ...
2023-01-11 16:28:56 846 [Note] Plugin 'FEDERATED' is disabled.
2023-01-11 16:28:56 846 [Note] InnoDB: Using atomics to ref count buffer pool pages
2023-01-11 16:28:56 846 [Note] InnoDB: The InnoDB memory heap is disabled
2023-01-11 16:28:56 846 [Note] InnoDB: Mutexes and rw_locks use GCC atomic builtins
2023-01-11 16:28:56 846 [Note] InnoDB: Memory barrier is not used
2023-01-11 16:28:56 846 [Note] InnoDB: Compressed tables use zlib 1.2.12
2023-01-11 16:28:56 846 [Note] InnoDB: Not using CPU crc32 instructions
2023-01-11 16:28:56 846 [Note] InnoDB: Initializing buffer pool, size = 128.0M
2023-01-11 16:28:56 846 [Note] InnoDB: Completed initialization of buffer pool
2023-01-11 16:28:56 846 [Note] InnoDB: Highest supported file format is Barracuda.
2023-01-11 16:28:56 846 [Note] InnoDB: 128 rollback segment(s) are active.
2023-01-11 16:28:56 846 [Note] InnoDB: Waiting for purge to start
2023-01-11 16:28:56 846 [Note] InnoDB: 5.6.51 started; log sequence number 1626097
2023-01-11 16:28:56 846 [Note] RSA private key file not found: /var/db/mysql//private_key.pem. Some authentication plugins will not work.
2023-01-11 16:28:56 846 [Note] RSA public key file not found: /var/db/mysql//public_key.pem. Some authentication plugins will not work.
2023-01-11 16:28:56 846 [Note] Server hostname (bind-address): '*'; port: 3306
2023-01-11 16:28:56 846 [Note] IPv6 is available.
2023-01-11 16:28:56 846 [Note]   - '::' resolves to '::';
2023-01-11 16:28:56 846 [Note] Server socket created on IP: '::'.
2023-01-11 16:28:56 846 [Note] Event Scheduler: Loaded 0 events
2023-01-11 16:28:56 846 [Note] /usr/local/libexec/mysqld: ready for connections.
Version: '5.6.51'  socket: '/tmp/mysql.sock'  port: 3306  Source distribution
2023-01-11 16:55:22 846 [Warning] IP address '192.168.0.117' could not be resolved: Name does not resolve
2023-01-11 17:05:47 846 [Note] /usr/local/libexec/mysqld: Normal shutdown

2023-01-11 17:05:47 846 [Note] Giving 2 client threads a chance to die gracefully
2023-01-11 17:05:47 846 [Note] Event Scheduler: Purging the queue. 0 events
2023-01-11 17:05:47 846 [Note] Shutting down slave threads
2023-01-11 17:05:49 846 [Note] Forcefully disconnecting 2 remaining clients
2023-01-11 17:05:49 846 [Warning] /usr/local/libexec/mysqld: Forcing close of thread 75  user: 'root'

2023-01-11 17:05:49 846 [Warning] /usr/local/libexec/mysqld: Forcing close of thread 76  user: 'root'

2023-01-11 17:05:49 846 [Note] Binlog end
2023-01-11 17:05:49 846 [Note] Shutting down plugin 'partition'
2023-01-11 17:05:49 846 [Note] Shutting down plugin 'PERFORMANCE_SCHEMA'
2023-01-11 17:05:49 846 [Note] Shutting down plugin 'INNODB_SYS_DATAFILES'
2023-01-11 17:05:49 846 [Note] Shutting down plugin 'INNODB_SYS_TABLESPACES'
2023-01-11 17:05:49 846 [Note] Shutting down plugin 'INNODB_SYS_FOREIGN_COLS'
2023-01-11 17:05:49 846 [Note] Shutting down plugin 'INNODB_SYS_FOREIGN'
2023-01-11 17:05:49 846 [Note] Shutting down plugin 'INNODB_SYS_FIELDS'
2023-01-11 17:05:49 846 [Note] Shutting down plugin 'INNODB_SYS_COLUMNS'
2023-01-11 17:05:49 846 [Note] Shutting down plugin 'INNODB_SYS_INDEXES'
2023-01-11 17:05:49 846 [Note] Shutting down plugin 'INNODB_SYS_TABLESTATS'
2023-01-11 17:05:49 846 [Note] Shutting down plugin 'INNODB_SYS_TABLES'
2023-01-11 17:05:49 846 [Note] Shutting down plugin 'INNODB_FT_INDEX_TABLE'
2023-01-11 17:05:49 846 [Note] Shutting down plugin 'INNODB_FT_INDEX_CACHE'
2023-01-11 17:05:49 846 [Note] Shutting down plugin 'INNODB_FT_CONFIG'
2023-01-11 17:05:49 846 [Note] Shutting down plugin 'INNODB_FT_BEING_DELETED'
2023-01-11 17:05:49 846 [Note] Shutting down plugin 'INNODB_FT_DELETED'
2023-01-11 17:05:49 846 [Note] Shutting down plugin 'INNODB_FT_DEFAULT_STOPWORD'
2023-01-11 17:05:49 846 [Note] Shutting down plugin 'INNODB_METRICS'
2023-01-11 17:05:49 846 [Note] Shutting down plugin 'INNODB_BUFFER_POOL_STATS'
2023-01-11 17:05:49 846 [Note] Shutting down plugin 'INNODB_BUFFER_PAGE_LRU'
2023-01-11 17:05:49 846 [Note] Shutting down plugin 'INNODB_BUFFER_PAGE'
2023-01-11 17:05:49 846 [Note] Shutting down plugin 'INNODB_CMP_PER_INDEX_RESET'
2023-01-11 17:05:49 846 [Note] Shutting down plugin 'INNODB_CMP_PER_INDEX'
2023-01-11 17:05:49 846 [Note] Shutting down plugin 'INNODB_CMPMEM_RESET'
2023-01-11 17:05:49 846 [Note] Shutting down plugin 'INNODB_CMPMEM'
2023-01-11 17:05:49 846 [Note] Shutting down plugin 'INNODB_CMP_RESET'
2023-01-11 17:05:49 846 [Note] Shutting down plugin 'INNODB_CMP'
2023-01-11 17:05:49 846 [Note] Shutting down plugin 'INNODB_LOCK_WAITS'
2023-01-11 17:05:49 846 [Note] Shutting down plugin 'INNODB_LOCKS'
2023-01-11 17:05:49 846 [Note] Shutting down plugin 'INNODB_TRX'
2023-01-11 17:05:49 846 [Note] Shutting down plugin 'InnoDB'
2023-01-11 17:05:49 846 [Note] InnoDB: FTS optimize thread exiting.
2023-01-11 17:05:49 846 [Note] InnoDB: Starting shutdown...
2023-01-11 17:05:50 846 [Note] InnoDB: Shutdown completed; log sequence number 1626107
2023-01-11 17:05:50 846 [Note] Shutting down plugin 'BLACKHOLE'
2023-01-11 17:05:50 846 [Note] Shutting down plugin 'ARCHIVE'
2023-01-11 17:05:50 846 [Note] Shutting down plugin 'MRG_MYISAM'
2023-01-11 17:05:50 846 [Note] Shutting down plugin 'MyISAM'
2023-01-11 17:05:50 846 [Note] Shutting down plugin 'MEMORY'
2023-01-11 17:05:50 846 [Note] Shutting down plugin 'CSV'
2023-01-11 17:05:50 846 [Note] Shutting down plugin 'sha256_password'
2023-01-11 17:05:50 846 [Note] Shutting down plugin 'mysql_old_password'
2023-01-11 17:05:50 846 [Note] Shutting down plugin 'mysql_native_password'
2023-01-11 17:05:50 846 [Note] Shutting down plugin 'binlog'
2023-01-11 17:05:50 846 [Note] /usr/local/libexec/mysqld: Shutdown complete

230111 17:05:50 mysqld_safe mysqld from pid file /var/db/mysql/metin2.code.pid ended
230207 17:03:26 mysqld_safe Logging to '/var/db/mysql/metin2.code.err'.
230207 17:03:26 mysqld_safe Starting mysqld daemon with databases from /var/db/mysql
2023-02-07 17:03:31 0 [Warning] TIMESTAMP with implicit DEFAULT value is deprecated. Please use --explicit_defaults_for_timestamp server option (see documentation for more details).
2023-02-07 17:03:31 0 [Note] /usr/local/libexec/mysqld (mysqld 5.6.51) starting as process 872 ...
2023-02-07 17:03:31 872 [Note] Plugin 'FEDERATED' is disabled.
2023-02-07 17:03:31 872 [Note] InnoDB: Using atomics to ref count buffer pool pages
2023-02-07 17:03:31 872 [Note] InnoDB: The InnoDB memory heap is disabled
2023-02-07 17:03:31 872 [Note] InnoDB: Mutexes and rw_locks use GCC atomic builtins
2023-02-07 17:03:31 872 [Note] InnoDB: Memory barrier is not used
2023-02-07 17:03:31 872 [Note] InnoDB: Compressed tables use zlib 1.2.12
2023-02-07 17:03:32 872 [Note] InnoDB: Not using CPU crc32 instructions
2023-02-07 17:03:32 872 [Note] InnoDB: Initializing buffer pool, size = 128.0M
2023-02-07 17:03:32 872 [Note] InnoDB: Completed initialization of buffer pool
2023-02-07 17:03:32 872 [Note] InnoDB: Highest supported file format is Barracuda.
2023-02-07 17:03:32 872 [Note] InnoDB: 128 rollback segment(s) are active.
2023-02-07 17:03:32 872 [Note] InnoDB: Waiting for purge to start
2023-02-07 17:03:32 872 [Note] InnoDB: 5.6.51 started; log sequence number 1626107
2023-02-07 17:03:32 872 [Note] RSA private key file not found: /var/db/mysql//private_key.pem. Some authentication plugins will not work.
2023-02-07 17:03:32 872 [Note] RSA public key file not found: /var/db/mysql//public_key.pem. Some authentication plugins will not work.
2023-02-07 17:03:32 872 [Note] Server hostname (bind-address): '*'; port: 3306
2023-02-07 17:03:32 872 [Note] IPv6 is available.
2023-02-07 17:03:32 872 [Note]   - '::' resolves to '::';
2023-02-07 17:03:32 872 [Note] Server socket created on IP: '::'.
2023-02-07 17:03:33 872 [Note] Event Scheduler: Loaded 0 events
2023-02-07 17:03:33 872 [Note] /usr/local/libexec/mysqld: ready for connections.
Version: '5.6.51'  socket: '/tmp/mysql.sock'  port: 3306  Source distribution
2023-02-07 19:04:42 872 [Warning] IP address '192.168.0.117' could not be resolved: Name does not resolve
2023-02-07 19:25:35 872 [Note] /usr/local/libexec/mysqld: Normal shutdown

2023-02-07 19:25:35 872 [Note] Giving 3 client threads a chance to die gracefully
2023-02-07 19:25:35 872 [Note] Event Scheduler: Purging the queue. 0 events
2023-02-07 19:25:35 872 [Note] Shutting down slave threads
2023-02-07 19:25:37 872 [Note] Forcefully disconnecting 3 remaining clients
2023-02-07 19:25:37 872 [Warning] /usr/local/libexec/mysqld: Forcing close of thread 79  user: 'root'

2023-02-07 19:25:37 872 [Warning] /usr/local/libexec/mysqld: Forcing close of thread 38  user: 'root'

2023-02-07 19:25:37 872 [Warning] /usr/local/libexec/mysqld: Forcing close of thread 39  user: 'root'

2023-02-07 19:25:37 872 [Note] Binlog end
2023-02-07 19:25:37 872 [Note] Shutting down plugin 'partition'
2023-02-07 19:25:37 872 [Note] Shutting down plugin 'PERFORMANCE_SCHEMA'
2023-02-07 19:25:37 872 [Note] Shutting down plugin 'INNODB_SYS_DATAFILES'
2023-02-07 19:25:37 872 [Note] Shutting down plugin 'INNODB_SYS_TABLESPACES'
2023-02-07 19:25:37 872 [Note] Shutting down plugin 'INNODB_SYS_FOREIGN_COLS'
2023-02-07 19:25:37 872 [Note] Shutting down plugin 'INNODB_SYS_FOREIGN'
2023-02-07 19:25:37 872 [Note] Shutting down plugin 'INNODB_SYS_FIELDS'
2023-02-07 19:25:37 872 [Note] Shutting down plugin 'INNODB_SYS_COLUMNS'
2023-02-07 19:25:37 872 [Note] Shutting down plugin 'INNODB_SYS_INDEXES'
2023-02-07 19:25:37 872 [Note] Shutting down plugin 'INNODB_SYS_TABLESTATS'
2023-02-07 19:25:37 872 [Note] Shutting down plugin 'INNODB_SYS_TABLES'
2023-02-07 19:25:37 872 [Note] Shutting down plugin 'INNODB_FT_INDEX_TABLE'
2023-02-07 19:25:37 872 [Note] Shutting down plugin 'INNODB_FT_INDEX_CACHE'
2023-02-07 19:25:37 872 [Note] Shutting down plugin 'INNODB_FT_CONFIG'
2023-02-07 19:25:37 872 [Note] Shutting down plugin 'INNODB_FT_BEING_DELETED'
2023-02-07 19:25:37 872 [Note] Shutting down plugin 'INNODB_FT_DELETED'
2023-02-07 19:25:37 872 [Note] Shutting down plugin 'INNODB_FT_DEFAULT_STOPWORD'
2023-02-07 19:25:37 872 [Note] Shutting down plugin 'INNODB_METRICS'
2023-02-07 19:25:37 872 [Note] Shutting down plugin 'INNODB_BUFFER_POOL_STATS'
2023-02-07 19:25:37 872 [Note] Shutting down plugin 'INNODB_BUFFER_PAGE_LRU'
2023-02-07 19:25:37 872 [Note] Shutting down plugin 'INNODB_BUFFER_PAGE'
2023-02-07 19:25:37 872 [Note] Shutting down plugin 'INNODB_CMP_PER_INDEX_RESET'
2023-02-07 19:25:37 872 [Note] Shutting down plugin 'INNODB_CMP_PER_INDEX'
2023-02-07 19:25:37 872 [Note] Shutting down plugin 'INNODB_CMPMEM_RESET'
2023-02-07 19:25:37 872 [Note] Shutting down plugin 'INNODB_CMPMEM'
2023-02-07 19:25:37 872 [Note] Shutting down plugin 'INNODB_CMP_RESET'
2023-02-07 19:25:37 872 [Note] Shutting down plugin 'INNODB_CMP'
2023-02-07 19:25:37 872 [Note] Shutting down plugin 'INNODB_LOCK_WAITS'
2023-02-07 19:25:37 872 [Note] Shutting down plugin 'INNODB_LOCKS'
2023-02-07 19:25:37 872 [Note] Shutting down plugin 'INNODB_TRX'
2023-02-07 19:25:37 872 [Note] Shutting down plugin 'InnoDB'
2023-02-07 19:25:37 872 [Note] InnoDB: FTS optimize thread exiting.
2023-02-07 19:25:37 872 [Note] InnoDB: Starting shutdown...
2023-02-07 19:25:39 872 [Note] InnoDB: Shutdown completed; log sequence number 1626133
2023-02-07 19:25:39 872 [Note] Shutting down plugin 'BLACKHOLE'
2023-02-07 19:25:39 872 [Note] Shutting down plugin 'ARCHIVE'
2023-02-07 19:25:39 872 [Note] Shutting down plugin 'MRG_MYISAM'
2023-02-07 19:25:39 872 [Note] Shutting down plugin 'MyISAM'
2023-02-07 19:25:39 872 [Note] Shutting down plugin 'MEMORY'
2023-02-07 19:25:39 872 [Note] Shutting down plugin 'CSV'
2023-02-07 19:25:39 872 [Note] Shutting down plugin 'sha256_password'
2023-02-07 19:25:39 872 [Note] Shutting down plugin 'mysql_old_password'
2023-02-07 19:25:39 872 [Note] Shutting down plugin 'mysql_native_password'
2023-02-07 19:25:39 872 [Note] Shutting down plugin 'binlog'
2023-02-07 19:25:39 872 [Note] /usr/local/libexec/mysqld: Shutdown complete

230207 19:25:39 mysqld_safe mysqld from pid file /var/db/mysql/metin2.code.pid ended
230207 19:51:22 mysqld_safe Logging to '/var/db/mysql/metin2.code.err'.
230207 19:51:23 mysqld_safe Starting mysqld daemon with databases from /var/db/mysql
2023-02-07 19:51:28 0 [Warning] TIMESTAMP with implicit DEFAULT value is deprecated. Please use --explicit_defaults_for_timestamp server option (see documentation for more details).
2023-02-07 19:51:28 0 [Note] /usr/local/libexec/mysqld (mysqld 5.6.51) starting as process 863 ...
2023-02-07 19:51:28 863 [Note] Plugin 'FEDERATED' is disabled.
2023-02-07 19:51:28 863 [Note] InnoDB: Using atomics to ref count buffer pool pages
2023-02-07 19:51:28 863 [Note] InnoDB: The InnoDB memory heap is disabled
2023-02-07 19:51:28 863 [Note] InnoDB: Mutexes and rw_locks use GCC atomic builtins
2023-02-07 19:51:28 863 [Note] InnoDB: Memory barrier is not used
2023-02-07 19:51:28 863 [Note] InnoDB: Compressed tables use zlib 1.2.12
2023-02-07 19:51:28 863 [Note] InnoDB: Not using CPU crc32 instructions
2023-02-07 19:51:28 863 [Note] InnoDB: Initializing buffer pool, size = 128.0M
2023-02-07 19:51:28 863 [Note] InnoDB: Completed initialization of buffer pool
2023-02-07 19:51:29 863 [Note] InnoDB: Highest supported file format is Barracuda.
2023-02-07 19:51:29 863 [Note] InnoDB: 128 rollback segment(s) are active.
2023-02-07 19:51:29 863 [Note] InnoDB: Waiting for purge to start
2023-02-07 19:51:29 863 [Note] InnoDB: 5.6.51 started; log sequence number 1626133
2023-02-07 19:51:29 863 [Note] RSA private key file not found: /var/db/mysql//private_key.pem. Some authentication plugins will not work.
2023-02-07 19:51:29 863 [Note] RSA public key file not found: /var/db/mysql//public_key.pem. Some authentication plugins will not work.
2023-02-07 19:51:29 863 [Note] Server hostname (bind-address): '*'; port: 3306
2023-02-07 19:51:29 863 [Note] IPv6 is available.
2023-02-07 19:51:29 863 [Note]   - '::' resolves to '::';
2023-02-07 19:51:29 863 [Note] Server socket created on IP: '::'.
2023-02-07 19:51:31 863 [Note] Event Scheduler: Loaded 0 events
2023-02-07 19:51:31 863 [Note] /usr/local/libexec/mysqld: ready for connections.
Version: '5.6.51'  socket: '/tmp/mysql.sock'  port: 3306  Source distribution
2023-02-07 20:05:05 863 [Warning] IP address '192.168.0.117' could not be resolved: Name does not resolve
230805 17:38:46 mysqld_safe Logging to '/var/db/mysql/metin2.code.err'.
230805 17:38:47 mysqld_safe Starting mysqld daemon with databases from /var/db/mysql
2023-08-05 17:38:48 0 [Warning] TIMESTAMP with implicit DEFAULT value is deprecated. Please use --explicit_defaults_for_timestamp server option (see documentation for more details).
2023-08-05 17:38:48 0 [Note] /usr/local/libexec/mysqld (mysqld 5.6.51) starting as process 2052 ...
2023-08-05 17:38:48 2052 [Note] Plugin 'FEDERATED' is disabled.
2023-08-05 17:38:48 2052 [Note] InnoDB: Using atomics to ref count buffer pool pages
2023-08-05 17:38:48 2052 [Note] InnoDB: The InnoDB memory heap is disabled
2023-08-05 17:38:48 2052 [Note] InnoDB: Mutexes and rw_locks use GCC atomic builtins
2023-08-05 17:38:48 2052 [Note] InnoDB: Memory barrier is not used
2023-08-05 17:38:48 2052 [Note] InnoDB: Compressed tables use zlib 1.2.13
2023-08-05 17:38:48 2052 [Note] InnoDB: Not using CPU crc32 instructions
2023-08-05 17:38:48 2052 [Note] InnoDB: Initializing buffer pool, size = 128.0M
2023-08-05 17:38:48 2052 [Note] InnoDB: Completed initialization of buffer pool
2023-08-05 17:38:48 2052 [Note] InnoDB: Highest supported file format is Barracuda.
2023-08-05 17:38:48 2052 [Note] InnoDB: The log sequence numbers 1626133 and 1626133 in ibdata files do not match the log sequence number 1626143 in the ib_logfiles!
2023-08-05 17:38:48 2052 [Note] InnoDB: Database was not shutdown normally!
2023-08-05 17:38:48 2052 [Note] InnoDB: Starting crash recovery.
2023-08-05 17:38:48 2052 [Note] InnoDB: Reading tablespace information from the .ibd files...
2023-08-05 17:38:48 2052 [Note] InnoDB: Restoring possible half-written data pages 
2023-08-05 17:38:48 2052 [Note] InnoDB: from the doublewrite buffer...
2023-08-05 17:38:48 2052 [Note] InnoDB: 128 rollback segment(s) are active.
2023-08-05 17:38:48 2052 [Note] InnoDB: Waiting for purge to start
2023-08-05 17:38:48 2052 [Note] InnoDB: 5.6.51 started; log sequence number 1626143
2023-08-05 17:38:48 2052 [Note] RSA private key file not found: /var/db/mysql//private_key.pem. Some authentication plugins will not work.
2023-08-05 17:38:48 2052 [Note] RSA public key file not found: /var/db/mysql//public_key.pem. Some authentication plugins will not work.
2023-08-05 17:38:48 2052 [Note] Server hostname (bind-address): '*'; port: 3306
2023-08-05 17:38:48 2052 [Note] IPv6 is available.
2023-08-05 17:38:48 2052 [Note]   - '::' resolves to '::';
2023-08-05 17:38:48 2052 [Note] Server socket created on IP: '::'.
2023-08-05 17:38:48 2052 [Note] Event Scheduler: Loaded 0 events
2023-08-05 17:38:48 2052 [Note] /usr/local/libexec/mysqld: ready for connections.
Version: '5.6.51'  socket: '/tmp/mysql.sock'  port: 3306  Source distribution
2023-08-05 17:38:49 2052 [Warning] IP address '192.168.0.117' could not be resolved: Name does not resolve
